<?xml version="1.0" encoding="UTF-8"?>
<robot generator="Robot 3.2.1 (Python 3.7.6 on win32)" generated="20200924 21:45:13.572" rpa="false">
<suite id="s1" name="PractiqueRobot" source="C:\Users\luo\practiquerobotframework\PractiqueRobot">
<suite id="s1-s1" name="orangeTestSuite" source="C:\Users\luo\practiquerobotframework\PractiqueRobot\orangeTestSuite.robot">
<test id="s1-s1-t1" name="TC_001_LoginTest">
<kw name="Login">
<doc>keword for login</doc>
<kw name="Open Browser" library="SeleniumLibrary">
<doc>Opens a new browser instance to the optional ``url``.</doc>
<arguments>
<arg>https://opensource-demo.orangehrmlive.com/index.php/auth/login</arg>
<arg>gc</arg>
</arguments>
<msg timestamp="20200924 21:45:13.929" level="INFO">Opening browser 'gc' to base url 'https://opensource-demo.orangehrmlive.com/index.php/auth/login'.</msg>
<status status="PASS" starttime="20200924 21:45:13.929" endtime="20200924 21:45:18.185"></status>
</kw>
<kw name="Maximize Browser Window" library="SeleniumLibrary">
<doc>Maximizes current browser window.</doc>
<status status="PASS" starttime="20200924 21:45:18.185" endtime="20200924 21:45:20.336"></status>
</kw>
<kw name="Input Text" library="SeleniumLibrary">
<doc>Types the given ``text`` into the text field identified by ``locator``.</doc>
<arguments>
<arg>id=txtUsername</arg>
<arg>Admin</arg>
</arguments>
<msg timestamp="20200924 21:45:20.337" level="INFO">Typing text 'Admin' into text field 'id=txtUsername'.</msg>
<status status="PASS" starttime="20200924 21:45:20.336" endtime="20200924 21:45:20.416"></status>
</kw>
<kw name="Input Text" library="SeleniumLibrary">
<doc>Types the given ``text`` into the text field identified by ``locator``.</doc>
<arguments>
<arg>id=txtPassword</arg>
<arg>admin123</arg>
</arguments>
<msg timestamp="20200924 21:45:20.416" level="INFO">Typing text 'admin123' into text field 'id=txtPassword'.</msg>
<status status="PASS" starttime="20200924 21:45:20.416" endtime="20200924 21:45:20.493"></status>
</kw>
<kw name="Click Button" library="SeleniumLibrary">
<doc>Clicks the button identified by ``locator``.</doc>
<arguments>
<arg>id=btnLogin</arg>
</arguments>
<msg timestamp="20200924 21:45:20.494" level="INFO">Clicking button 'id=btnLogin'.</msg>
<status status="PASS" starttime="20200924 21:45:20.493" endtime="20200924 21:45:21.559"></status>
</kw>
<status status="PASS" starttime="20200924 21:45:13.928" endtime="20200924 21:45:21.560"></status>
</kw>
<kw name="Sleep" library="BuiltIn">
<doc>Pauses the test executed for the given time.</doc>
<arguments>
<arg>5s</arg>
</arguments>
<msg timestamp="20200924 21:45:26.574" level="INFO">Slept 5 seconds</msg>
<status status="PASS" starttime="20200924 21:45:21.560" endtime="20200924 21:45:26.574"></status>
</kw>
<kw name="Logout">
<kw name="Click Element" library="SeleniumLibrary">
<doc>Click the element identified by ``locator``.</doc>
<arguments>
<arg>id=welcome</arg>
</arguments>
<msg timestamp="20200924 21:45:26.576" level="INFO">Clicking element 'id=welcome'.</msg>
<status status="PASS" starttime="20200924 21:45:26.575" endtime="20200924 21:45:26.620"></status>
</kw>
<kw name="Sleep" library="BuiltIn">
<doc>Pauses the test executed for the given time.</doc>
<arguments>
<arg>3s</arg>
</arguments>
<msg timestamp="20200924 21:45:29.624" level="INFO">Slept 3 seconds</msg>
<status status="PASS" starttime="20200924 21:45:26.620" endtime="20200924 21:45:29.624"></status>
</kw>
<kw name="Click Element" library="SeleniumLibrary">
<doc>Click the element identified by ``locator``.</doc>
<arguments>
<arg>xpath=//a[@href='/index.php/auth/logout']</arg>
</arguments>
<msg timestamp="20200924 21:45:29.625" level="INFO">Clicking element 'xpath=//a[@href='/index.php/auth/logout']'.</msg>
<status status="PASS" starttime="20200924 21:45:29.624" endtime="20200924 21:45:29.900"></status>
</kw>
<kw name="Close Browser" library="SeleniumLibrary">
<doc>Closes the current browser.</doc>
<status status="PASS" starttime="20200924 21:45:29.900" endtime="20200924 21:45:32.016"></status>
</kw>
<status status="PASS" starttime="20200924 21:45:26.574" endtime="20200924 21:45:32.017"></status>
</kw>
<status status="PASS" starttime="20200924 21:45:13.928" endtime="20200924 21:45:32.017" critical="yes"></status>
</test>
<test id="s1-s1-t2" name="TC_002_GoBack">
<kw name="Login">
<doc>keword for login</doc>
<kw name="Open Browser" library="SeleniumLibrary">
<doc>Opens a new browser instance to the optional ``url``.</doc>
<arguments>
<arg>https://opensource-demo.orangehrmlive.com/index.php/auth/login</arg>
<arg>gc</arg>
</arguments>
<msg timestamp="20200924 21:45:32.019" level="INFO">Opening browser 'gc' to base url 'https://opensource-demo.orangehrmlive.com/index.php/auth/login'.</msg>
<status status="PASS" starttime="20200924 21:45:32.019" endtime="20200924 21:45:35.781"></status>
</kw>
<kw name="Maximize Browser Window" library="SeleniumLibrary">
<doc>Maximizes current browser window.</doc>
<status status="PASS" starttime="20200924 21:45:35.781" endtime="20200924 21:45:37.950"></status>
</kw>
<kw name="Input Text" library="SeleniumLibrary">
<doc>Types the given ``text`` into the text field identified by ``locator``.</doc>
<arguments>
<arg>id=txtUsername</arg>
<arg>Admin</arg>
</arguments>
<msg timestamp="20200924 21:45:37.951" level="INFO">Typing text 'Admin' into text field 'id=txtUsername'.</msg>
<status status="PASS" starttime="20200924 21:45:37.951" endtime="20200924 21:45:38.033"></status>
</kw>
<kw name="Input Text" library="SeleniumLibrary">
<doc>Types the given ``text`` into the text field identified by ``locator``.</doc>
<arguments>
<arg>id=txtPassword</arg>
<arg>admin123</arg>
</arguments>
<msg timestamp="20200924 21:45:38.034" level="INFO">Typing text 'admin123' into text field 'id=txtPassword'.</msg>
<status status="PASS" starttime="20200924 21:45:38.034" endtime="20200924 21:45:38.114"></status>
</kw>
<kw name="Click Button" library="SeleniumLibrary">
<doc>Clicks the button identified by ``locator``.</doc>
<arguments>
<arg>id=btnLogin</arg>
</arguments>
<msg timestamp="20200924 21:45:38.115" level="INFO">Clicking button 'id=btnLogin'.</msg>
<status status="PASS" starttime="20200924 21:45:38.115" endtime="20200924 21:45:39.142"></status>
</kw>
<status status="PASS" starttime="20200924 21:45:32.018" endtime="20200924 21:45:39.142"></status>
</kw>
<kw name="Go To" library="SeleniumLibrary">
<doc>Navigates the current browser window to the provided ``url``.</doc>
<arguments>
<arg>https://www.google.com</arg>
</arguments>
<msg timestamp="20200924 21:45:39.143" level="INFO">Opening url 'https://www.google.com'</msg>
<status status="PASS" starttime="20200924 21:45:39.142" endtime="20200924 21:45:39.951"></status>
</kw>
<kw name="Sleep" library="BuiltIn">
<doc>Pauses the test executed for the given time.</doc>
<arguments>
<arg>5s</arg>
</arguments>
<msg timestamp="20200924 21:45:44.962" level="INFO">Slept 5 seconds</msg>
<status status="PASS" starttime="20200924 21:45:39.951" endtime="20200924 21:45:44.962"></status>
</kw>
<kw name="Go Back" library="SeleniumLibrary">
<doc>Simulates the user clicking the back button on their browser.</doc>
<status status="PASS" starttime="20200924 21:45:44.962" endtime="20200924 21:45:45.199"></status>
</kw>
<kw name="Log To Console" library="BuiltIn">
<doc>Logs the given message to the console.</doc>
<arguments>
<arg>finish</arg>
</arguments>
<status status="PASS" starttime="20200924 21:45:45.199" endtime="20200924 21:45:45.200"></status>
</kw>
<kw name="Log To Console" library="BuiltIn">
<doc>Logs the given message to the console.</doc>
<arguments>
<arg>le test est execute par %{username} sur %{os}</arg>
</arguments>
<status status="PASS" starttime="20200924 21:45:45.200" endtime="20200924 21:45:45.200"></status>
</kw>
<status status="PASS" starttime="20200924 21:45:32.018" endtime="20200924 21:45:45.201" critical="yes"></status>
</test>
<status status="PASS" starttime="20200924 21:45:13.666" endtime="20200924 21:45:45.201"></status>
</suite>
<status status="PASS" starttime="20200924 21:45:13.644" endtime="20200924 21:45:45.204"></status>
</suite>
<statistics>
<total>
<stat pass="2" fail="0">Critical Tests</stat>
<stat pass="2" fail="0">All Tests</stat>
</total>
<tag>
</tag>
<suite>
<stat pass="2" fail="0" id="s1" name="PractiqueRobot">PractiqueRobot</stat>
<stat pass="2" fail="0" id="s1-s1" name="orangeTestSuite">PractiqueRobot.orangeTestSuite</stat>
</suite>
</statistics>
<errors>
</errors>
</robot>
